{"/Users/thomasmannion/Projects/Javascript-Solo-Project/src/account.js": {"path":"/Users/thomasmannion/Projects/Javascript-Solo-Project/src/account.js","statementMap":{"0":{"start":{"line":3,"column":4},"end":{"line":3,"column":21}},"1":{"start":{"line":4,"column":4},"end":{"line":4,"column":27}},"2":{"start":{"line":5,"column":4},"end":{"line":5,"column":27}},"3":{"start":{"line":8,"column":4},"end":{"line":8,"column":40}},"4":{"start":{"line":12,"column":0},"end":{"line":12,"column":25}}},"fnMap":{"0":{"name":"(anonymous_0)","decl":{"start":{"line":2,"column":2},"end":{"line":2,"column":3}},"loc":{"start":{"line":2,"column":29},"end":{"line":6,"column":3}},"line":2},"1":{"name":"(anonymous_1)","decl":{"start":{"line":7,"column":2},"end":{"line":7,"column":3}},"loc":{"start":{"line":7,"column":30},"end":{"line":9,"column":3}},"line":7}},"branchMap":{},"s":{"0":5,"1":5,"2":5,"3":8,"4":4},"f":{"0":5,"1":8},"b":{},"_coverageSchema":"1a1c01bbd47fc00a2c39e90264f33305004495a9","hash":"17a41bf05c47bbf235bc41b1a9e44168400caae0"}
,"/Users/thomasmannion/Projects/Javascript-Solo-Project/src/bank.js": {"path":"/Users/thomasmannion/Projects/Javascript-Solo-Project/src/bank.js","statementMap":{"0":{"start":{"line":3,"column":4},"end":{"line":3,"column":20}},"1":{"start":{"line":4,"column":4},"end":{"line":4,"column":23}},"2":{"start":{"line":9,"column":4},"end":{"line":9,"column":56}},"3":{"start":{"line":10,"column":4},"end":{"line":10,"column":38}},"4":{"start":{"line":13,"column":4},"end":{"line":13,"column":26}},"5":{"start":{"line":18,"column":16},"end":{"line":18,"column":53}},"6":{"start":{"line":19,"column":4},"end":{"line":19,"column":63}},"7":{"start":{"line":20,"column":4},"end":{"line":20,"column":33}},"8":{"start":{"line":23,"column":4},"end":{"line":23,"column":30}},"9":{"start":{"line":26,"column":4},"end":{"line":26,"column":33}},"10":{"start":{"line":30,"column":0},"end":{"line":30,"column":22}}},"fnMap":{"0":{"name":"(anonymous_0)","decl":{"start":{"line":2,"column":2},"end":{"line":2,"column":3}},"loc":{"start":{"line":2,"column":16},"end":{"line":5,"column":3}},"line":2},"1":{"name":"(anonymous_1)","decl":{"start":{"line":8,"column":2},"end":{"line":8,"column":3}},"loc":{"start":{"line":8,"column":16},"end":{"line":11,"column":3}},"line":8},"2":{"name":"(anonymous_2)","decl":{"start":{"line":12,"column":2},"end":{"line":12,"column":3}},"loc":{"start":{"line":12,"column":15},"end":{"line":14,"column":3}},"line":12},"3":{"name":"(anonymous_3)","decl":{"start":{"line":17,"column":2},"end":{"line":17,"column":3}},"loc":{"start":{"line":17,"column":28},"end":{"line":21,"column":3}},"line":17},"4":{"name":"(anonymous_4)","decl":{"start":{"line":22,"column":2},"end":{"line":22,"column":3}},"loc":{"start":{"line":22,"column":19},"end":{"line":24,"column":3}},"line":22},"5":{"name":"(anonymous_5)","decl":{"start":{"line":25,"column":2},"end":{"line":25,"column":3}},"loc":{"start":{"line":25,"column":30},"end":{"line":27,"column":3}},"line":25}},"branchMap":{},"s":{"0":15,"1":15,"2":7,"3":7,"4":3,"5":5,"6":5,"7":5,"8":8,"9":5,"10":3},"f":{"0":15,"1":7,"2":3,"3":5,"4":8,"5":5},"b":{},"_coverageSchema":"1a1c01bbd47fc00a2c39e90264f33305004495a9","hash":"5e1e916a0b4d93e0d6c1ed849c3a73c96ce2b858"}
,"/Users/thomasmannion/Projects/Javascript-Solo-Project/src/print.js": {"path":"/Users/thomasmannion/Projects/Javascript-Solo-Project/src/print.js","statementMap":{"0":{"start":{"line":3,"column":20},"end":{"line":3,"column":67}},"1":{"start":{"line":4,"column":4},"end":{"line":13,"column":7}},"2":{"start":{"line":5,"column":17},"end":{"line":5,"column":50}},"3":{"start":{"line":7,"column":8},"end":{"line":7,"column":75}},"4":{"start":{"line":9,"column":8},"end":{"line":9,"column":78}},"5":{"start":{"line":10,"column":20},"end":{"line":10,"column":50}},"6":{"start":{"line":11,"column":20},"end":{"line":11,"column":56}},"7":{"start":{"line":12,"column":6},"end":{"line":12,"column":84}},"8":{"start":{"line":14,"column":4},"end":{"line":14,"column":21}},"9":{"start":{"line":18,"column":0},"end":{"line":18,"column":23}}},"fnMap":{"0":{"name":"(anonymous_0)","decl":{"start":{"line":2,"column":2},"end":{"line":2,"column":3}},"loc":{"start":{"line":2,"column":25},"end":{"line":15,"column":3}},"line":2},"1":{"name":"(anonymous_1)","decl":{"start":{"line":4,"column":43},"end":{"line":4,"column":44}},"loc":{"start":{"line":4,"column":60},"end":{"line":13,"column":5}},"line":4}},"branchMap":{"0":{"loc":{"start":{"line":7,"column":8},"end":{"line":7,"column":75}},"type":"cond-expr","locations":[{"start":{"line":7,"column":41},"end":{"line":7,"column":70}},{"start":{"line":7,"column":73},"end":{"line":7,"column":75}}],"line":7},"1":{"loc":{"start":{"line":9,"column":8},"end":{"line":9,"column":78}},"type":"cond-expr","locations":[{"start":{"line":9,"column":44},"end":{"line":9,"column":73}},{"start":{"line":9,"column":76},"end":{"line":9,"column":78}}],"line":9},"2":{"loc":{"start":{"line":11,"column":20},"end":{"line":11,"column":56}},"type":"cond-expr","locations":[{"start":{"line":11,"column":40},"end":{"line":11,"column":47}},{"start":{"line":11,"column":50},"end":{"line":11,"column":56}}],"line":11}},"s":{"0":3,"1":3,"2":6,"3":6,"4":6,"5":6,"6":6,"7":6,"8":3,"9":1},"f":{"0":3,"1":6},"b":{"0":[3,3],"1":[3,3],"2":[1,5]},"_coverageSchema":"1a1c01bbd47fc00a2c39e90264f33305004495a9","hash":"c8260ff1d87b0531c7e8d9e194aa956718d4f3f1"}
,"/Users/thomasmannion/Projects/Javascript-Solo-Project/src/transaction.js": {"path":"/Users/thomasmannion/Projects/Javascript-Solo-Project/src/transaction.js","statementMap":{"0":{"start":{"line":3,"column":4},"end":{"line":3,"column":22}},"1":{"start":{"line":4,"column":4},"end":{"line":4,"column":27}},"2":{"start":{"line":5,"column":4},"end":{"line":5,"column":21}},"3":{"start":{"line":6,"column":4},"end":{"line":6,"column":25}},"4":{"start":{"line":7,"column":4},"end":{"line":7,"column":21}},"5":{"start":{"line":10,"column":4},"end":{"line":10,"column":27}},"6":{"start":{"line":14,"column":0},"end":{"line":14,"column":29}}},"fnMap":{"0":{"name":"(anonymous_0)","decl":{"start":{"line":2,"column":2},"end":{"line":2,"column":3}},"loc":{"start":{"line":2,"column":28},"end":{"line":8,"column":3}},"line":2},"1":{"name":"(anonymous_1)","decl":{"start":{"line":9,"column":2},"end":{"line":9,"column":3}},"loc":{"start":{"line":9,"column":22},"end":{"line":11,"column":3}},"line":9}},"branchMap":{},"s":{"0":15,"1":15,"2":15,"3":15,"4":15,"5":8,"6":3},"f":{"0":15,"1":8},"b":{},"_coverageSchema":"1a1c01bbd47fc00a2c39e90264f33305004495a9","hash":"82b3f9f395156e550b4da49be304c095e8e1db19"}
,"/Users/thomasmannion/Projects/Javascript-Solo-Project/src/transactionLayer.js": {"path":"/Users/thomasmannion/Projects/Javascript-Solo-Project/src/transactionLayer.js","statementMap":{"0":{"start":{"line":4,"column":4},"end":{"line":14,"column":5}},"1":{"start":{"line":5,"column":6},"end":{"line":11,"column":7}},"2":{"start":{"line":6,"column":8},"end":{"line":6,"column":51}},"3":{"start":{"line":7,"column":13},"end":{"line":11,"column":7}},"4":{"start":{"line":8,"column":8},"end":{"line":8,"column":54}},"5":{"start":{"line":10,"column":8},"end":{"line":10,"column":39}},"6":{"start":{"line":13,"column":6},"end":{"line":13,"column":32}},"7":{"start":{"line":15,"column":4},"end":{"line":15,"column":19}},"8":{"start":{"line":19,"column":4},"end":{"line":19,"column":30}},"9":{"start":{"line":22,"column":4},"end":{"line":26,"column":5}},"10":{"start":{"line":23,"column":6},"end":{"line":23,"column":44}},"11":{"start":{"line":25,"column":6},"end":{"line":25,"column":32}},"12":{"start":{"line":29,"column":4},"end":{"line":29,"column":48}},"13":{"start":{"line":33,"column":0},"end":{"line":33,"column":34}}},"fnMap":{"0":{"name":"(anonymous_0)","decl":{"start":{"line":3,"column":2},"end":{"line":3,"column":3}},"loc":{"start":{"line":3,"column":40},"end":{"line":16,"column":3}},"line":3}},"branchMap":{"0":{"loc":{"start":{"line":5,"column":6},"end":{"line":11,"column":7}},"type":"if","locations":[{"start":{"line":5,"column":6},"end":{"line":11,"column":7}},{"start":{"line":7,"column":13},"end":{"line":11,"column":7}}],"line":5},"1":{"loc":{"start":{"line":7,"column":13},"end":{"line":11,"column":7}},"type":"if","locations":[{"start":{"line":7,"column":13},"end":{"line":11,"column":7}},{"start":{"line":9,"column":13},"end":{"line":11,"column":7}}],"line":7},"2":{"loc":{"start":{"line":22,"column":4},"end":{"line":26,"column":5}},"type":"if","locations":[{"start":{"line":22,"column":4},"end":{"line":26,"column":5}},{"start":{"line":24,"column":11},"end":{"line":26,"column":5}}],"line":22}},"s":{"0":13,"1":13,"2":5,"3":8,"4":6,"5":2,"6":5,"7":13,"8":5,"9":6,"10":3,"11":3,"12":2,"13":3},"f":{"0":13},"b":{"0":[5,8],"1":[6,2],"2":[3,3]},"_coverageSchema":"1a1c01bbd47fc00a2c39e90264f33305004495a9","hash":"80acb62af40fe6a3bb5154e8e847a2080144f17f"}
,"/Users/thomasmannion/Projects/Javascript-Solo-Project/src/user.js": {"path":"/Users/thomasmannion/Projects/Javascript-Solo-Project/src/user.js","statementMap":{"0":{"start":{"line":3,"column":4},"end":{"line":3,"column":23}},"1":{"start":{"line":4,"column":4},"end":{"line":4,"column":31}},"2":{"start":{"line":5,"column":4},"end":{"line":5,"column":29}},"3":{"start":{"line":6,"column":4},"end":{"line":6,"column":23}},"4":{"start":{"line":7,"column":4},"end":{"line":7,"column":39}},"5":{"start":{"line":8,"column":4},"end":{"line":8,"column":26}},"6":{"start":{"line":12,"column":0},"end":{"line":12,"column":22}}},"fnMap":{"0":{"name":"(anonymous_0)","decl":{"start":{"line":2,"column":2},"end":{"line":2,"column":3}},"loc":{"start":{"line":2,"column":52},"end":{"line":9,"column":3}},"line":2}},"branchMap":{},"s":{"0":3,"1":3,"2":3,"3":3,"4":3,"5":3,"6":3},"f":{"0":3},"b":{},"_coverageSchema":"1a1c01bbd47fc00a2c39e90264f33305004495a9","hash":"4221d20730661d74af81613eb4c7acd57f0dcb82"}
}
