TN:
SF:src/account.js
FN:2,(anonymous_0)
FNF:1
FNH:1
FNDA:5,(anonymous_0)
DA:3,5
DA:4,5
DA:5,5
DA:9,4
LF:4
LH:4
BRF:0
BRH:0
end_of_record
TN:
SF:src/bank.js
FN:2,(anonymous_0)
FN:8,(anonymous_1)
FN:12,(anonymous_2)
FN:17,(anonymous_3)
FN:22,(anonymous_4)
FN:25,(anonymous_5)
FNF:6
FNH:6
FNDA:15,(anonymous_0)
FNDA:7,(anonymous_1)
FNDA:3,(anonymous_2)
FNDA:5,(anonymous_3)
FNDA:7,(anonymous_4)
FNDA:4,(anonymous_5)
DA:3,15
DA:4,15
DA:9,7
DA:10,7
DA:13,3
DA:18,5
DA:19,5
DA:20,5
DA:23,7
DA:26,4
DA:30,3
LF:11
LH:11
BRF:0
BRH:0
end_of_record
TN:
SF:src/print.js
FN:2,(anonymous_0)
FN:4,(anonymous_1)
FNF:2
FNH:2
FNDA:3,(anonymous_0)
FNDA:6,(anonymous_1)
DA:3,3
DA:4,3
DA:5,6
DA:6,6
DA:7,6
DA:8,6
DA:9,6
DA:10,6
DA:12,3
DA:16,1
LF:10
LH:10
BRDA:6,0,0,3
BRDA:6,0,1,3
BRDA:7,1,0,3
BRDA:7,1,1,3
BRDA:9,2,0,1
BRDA:9,2,1,5
BRF:6
BRH:6
end_of_record
TN:
SF:src/transaction.js
FN:2,(anonymous_0)
FNF:1
FNH:1
FNDA:12,(anonymous_0)
DA:3,12
DA:4,12
DA:5,12
DA:6,12
DA:7,12
DA:11,3
LF:6
LH:6
BRF:0
BRH:0
end_of_record
TN:
SF:src/transactionLayer.js
FN:3,(anonymous_0)
FNF:1
FNH:1
FNDA:11,(anonymous_0)
DA:4,11
DA:5,5
DA:6,6
DA:7,6
DA:8,6
DA:10,3
DA:14,11
DA:15,11
DA:16,11
DA:20,5
DA:23,6
DA:24,3
DA:26,3
DA:31,3
LF:14
LH:14
BRDA:4,0,0,5
BRDA:4,0,1,6
BRDA:6,1,0,6
BRDA:6,1,1,0
BRDA:23,2,0,3
BRDA:23,2,1,3
BRF:6
BRH:5
end_of_record
TN:
SF:src/user.js
FN:2,(anonymous_0)
FNF:1
FNH:1
FNDA:3,(anonymous_0)
DA:3,3
DA:4,3
DA:5,3
DA:6,3
DA:7,3
DA:8,3
DA:12,3
LF:7
LH:7
BRF:0
BRH:0
end_of_record
