TN:
SF:src/account.js
FN:2,(anonymous_0)
FN:7,(anonymous_1)
FNF:2
FNH:2
FNDA:5,(anonymous_0)
FNDA:8,(anonymous_1)
DA:3,5
DA:4,5
DA:5,5
DA:8,8
DA:12,4
LF:5
LH:5
BRF:0
BRH:0
end_of_record
TN:
SF:src/bank.js
FN:2,(anonymous_0)
FN:8,(anonymous_1)
FN:12,(anonymous_2)
FN:17,(anonymous_3)
FN:22,(anonymous_4)
FN:25,(anonymous_5)
FNF:6
FNH:6
FNDA:15,(anonymous_0)
FNDA:7,(anonymous_1)
FNDA:3,(anonymous_2)
FNDA:5,(anonymous_3)
FNDA:8,(anonymous_4)
FNDA:5,(anonymous_5)
DA:3,15
DA:4,15
DA:9,7
DA:10,7
DA:13,3
DA:18,5
DA:19,5
DA:20,5
DA:23,8
DA:26,5
DA:30,3
LF:11
LH:11
BRF:0
BRH:0
end_of_record
TN:
SF:src/print.js
FN:2,(anonymous_0)
FN:4,(anonymous_1)
FNF:2
FNH:2
FNDA:3,(anonymous_0)
FNDA:6,(anonymous_1)
DA:3,3
DA:4,3
DA:5,6
DA:6,6
DA:7,6
DA:8,6
DA:9,6
DA:10,6
DA:12,3
DA:16,1
LF:10
LH:10
BRDA:6,0,0,3
BRDA:6,0,1,3
BRDA:7,1,0,3
BRDA:7,1,1,3
BRDA:9,2,0,1
BRDA:9,2,1,5
BRF:6
BRH:6
end_of_record
TN:
SF:src/transaction.js
FN:2,(anonymous_0)
FN:9,(anonymous_1)
FNF:2
FNH:2
FNDA:15,(anonymous_0)
FNDA:8,(anonymous_1)
DA:3,15
DA:4,15
DA:5,15
DA:6,15
DA:7,15
DA:10,8
DA:14,3
LF:7
LH:7
BRF:0
BRH:0
end_of_record
TN:
SF:src/transactionLayer.js
FN:3,(anonymous_0)
FNF:1
FNH:1
FNDA:13,(anonymous_0)
DA:4,13
DA:5,13
DA:6,5
DA:7,8
DA:8,6
DA:10,2
DA:13,5
DA:15,13
DA:19,5
DA:22,6
DA:23,3
DA:25,3
DA:29,2
DA:33,3
LF:14
LH:14
BRDA:5,0,0,5
BRDA:5,0,1,8
BRDA:7,1,0,6
BRDA:7,1,1,2
BRDA:22,2,0,3
BRDA:22,2,1,3
BRF:6
BRH:6
end_of_record
TN:
SF:src/user.js
FN:2,(anonymous_0)
FNF:1
FNH:1
FNDA:3,(anonymous_0)
DA:3,3
DA:4,3
DA:5,3
DA:6,3
DA:7,3
DA:8,3
DA:12,3
LF:7
LH:7
BRF:0
BRH:0
end_of_record
